<?xml version="1.0" encoding="UTF-8"?>
<!-- Generated by org.testng.reporters.JUnitReportReporter -->
<testsuite hostname="Anuj-PC" name="grid.ParallelTestA" tests="1" failures="0" timestamp="18 Mar 2017 05:14:42 GMT" time="1.575" errors="0">
  <testcase name="testGooglePageTitleInFirefox" time="1.575" classname="grid.ParallelTestA"/>
</testsuite> <!-- grid.ParallelTestA -->
