<?xml version="1.0" encoding="UTF-8"?>
<!-- Generated by org.testng.reporters.JUnitReportReporter -->
<testsuite hostname="Anuj-PC" name="main.Main" tests="1" failures="0" timestamp="25 Mar 2017 17:31:47 GMT" time="29.703" errors="0">
  <testcase name="Start" time="29.703" classname="main.Main"/>
</testsuite> <!-- main.Main -->
