<?xml version="1.0" encoding="UTF-8"?>
<!-- Generated by org.testng.reporters.JUnitReportReporter -->
<testsuite hostname="Anuj-PC" name="main.TestNG" tests="2" failures="0" timestamp="21 Mar 2017 04:17:24 GMT" time="0.010" errors="0">
  <testcase name="Fun1" time="0.007" classname="main.TestNG"/>
  <testcase name="Fun2" time="0.003" classname="main.TestNG"/>
</testsuite> <!-- main.TestNG -->
