<?xml version="1.0" encoding="UTF-8"?>
<!-- Generated by org.testng.reporters.JUnitReportReporter -->
<testsuite hostname="Anuj-PC" name="main.Main" tests="1" failures="0" timestamp="12 Mar 2017 10:07:52 GMT" time="51.018" errors="0">
  <testcase name="Start" time="51.018" classname="main.Main"/>
</testsuite> <!-- main.Main -->
